<?xml version="1.0" encoding="UTF-8"?>
<!-- Generated by org.testng.reporters.JUnitReportReporter -->
<testsuite hostname="LAPTOP-KA6JF9ON" failures="0" tests="2" name="packone.OneTest" time="4.104" errors="0" timestamp="2021-07-03T22:09:26 IST" skipped="0">
  <testcase classname="packone.OneTest" name="testoneB" time="0.001"/>
  <system-out/>
  <testcase classname="packone.OneTest" name="testoneA" time="4.103"/>
  <system-out/>
</testsuite> <!-- packone.OneTest -->
