<?xml version="1.0" encoding="UTF-8"?>
<!-- Generated by org.testng.reporters.JUnitReportReporter -->
<testsuite hostname="LAPTOP-KA6JF9ON" failures="0" tests="2" name="packone.TwoTest" time="3.043" errors="0" timestamp="2021-07-02T20:37:13 IST" skipped="0">
  <testcase classname="packone.TwoTest" name="testoneA" time="3.043"/>
  <system-out/>
  <testcase classname="packone.TwoTest" name="testoneB" time="0.000"/>
  <system-out/>
</testsuite> <!-- packone.TwoTest -->
