<?xml version="1.0" encoding="UTF-8"?>
<!-- Generated by org.testng.reporters.JUnitReportReporter -->
<testsuite hostname="LAPTOP-KA6JF9ON" failures="0" tests="2" name="packone.OneTest" time="5.734" errors="0" timestamp="2021-07-02T20:37:13 IST" skipped="0">
  <testcase classname="packone.OneTest" name="testoneA" time="5.730"/>
  <system-out/>
  <testcase classname="packone.OneTest" name="testoneB" time="0.004"/>
  <system-out/>
</testsuite> <!-- packone.OneTest -->
